<?xml version="1.0" encoding="UTF-8"?>
<!-- Generated by org.testng.reporters.JUnitReportReporter -->
<testsuite hostname="MUKESH-PC" failures="0" tests="1" name="driverFactory.TestScript" time="84.367" errors="0" timestamp="2023-04-17T00:25:42 IST" skipped="0">
  <testcase classname="driverFactory.TestScript" name="startTest" time="84.367"/>
  <system-out>
    <![CDATA[No of rows are::10
Operation Successful   19767   19767
Operation Successful   19768   19768
Operation Successful   19769   19769
Operation Successful   19770   19770
Operation Successful   19771   19771
Operation Successful   19772   19772
Operation Successful   19773   19773
Operation Successful   19774   19774
Operation Successful   19775   19775
Operation Successful   19776   19776]]>
  </system-out>
</testsuite> <!-- driverFactory.TestScript -->
