<?xml version="1.0" encoding="UTF-8"?>
<!-- Generated by org.testng.reporters.JUnitReportReporter -->
<testsuite hostname="MUKESH-PC" failures="0" tests="1" name="driverFactory.DriverScriptAddSingleEmpWithPOM" time="3.885" errors="0" timestamp="2023-04-17T17:45:57 IST" skipped="0">
  <testcase classname="driverFactory.DriverScriptAddSingleEmpWithPOM" name="startTest" time="3.885"/>
  <system-out>
    <![CDATA[Operation Successful   19870   19870]]>
  </system-out>
</testsuite> <!-- driverFactory.DriverScriptAddSingleEmpWithPOM -->
