<?xml version="1.0" encoding="UTF-8"?>
<!-- Generated by org.testng.reporters.JUnitReportReporter -->
<testsuite hostname="MUKESH-PC" failures="0" tests="1" name="driverFactory.DriverScriptMultipleLoginWithoutPom" time="54.333" errors="0" timestamp="2023-04-18T22:23:19 IST" skipped="0">
  <testcase classname="driverFactory.DriverScriptMultipleLoginWithoutPom" name="startTest" time="54.333"/>
  <system-out>
    <![CDATA[No of rows are::10
Login Success::dashboard   http://orangehrm.qedgetech.com/symfony/web/index.php/dashboard
Invalid credentials   dashboard   http://orangehrm.qedgetech.com/symfony/web/index.php/auth/validateCredentials
Login Success::dashboard   http://orangehrm.qedgetech.com/symfony/web/index.php/dashboard
Invalid credentials   dashboard   http://orangehrm.qedgetech.com/symfony/web/index.php/auth/validateCredentials
Invalid credentials   dashboard   http://orangehrm.qedgetech.com/symfony/web/index.php/auth/validateCredentials
Username cannot be empty   dashboard   http://orangehrm.qedgetech.com/symfony/web/index.php/auth/login
Login Success::dashboard   http://orangehrm.qedgetech.com/symfony/web/index.php/dashboard
Password cannot be empty   dashboard   http://orangehrm.qedgetech.com/symfony/web/index.php/auth/login
Login Success::dashboard   http://orangehrm.qedgetech.com/symfony/web/index.php/dashboard
Username cannot be empty   dashboard   http://orangehrm.qedgetech.com/symfony/web/index.php/auth/login]]>
  </system-out>
</testsuite> <!-- driverFactory.DriverScriptMultipleLoginWithoutPom -->
